<?xml version="1.0" encoding="UTF-8"?>
<testng-results skipped="0" failed="0" ignored="0" total="0" passed="0">
  <reporter-output>
  </reporter-output>
  <suite name="Default suite" duration-ms="550" started-at="2021-08-24T10:02:19Z" finished-at="2021-08-24T10:02:20Z">
    <groups>
      <group name="cucumber">
        <method signature="AbstractTestNGCucumberTests.runScenario(io.cucumber.testng.PickleWrapper, io.cucumber.testng.FeatureWrapper)[pri:0, instance:Script.Run@31a5c39e]" name="runScenario" class="io.cucumber.testng.AbstractTestNGCucumberTests"/>
      </group> <!-- cucumber -->
    </groups>
    <test name="Default test" duration-ms="550" started-at="2021-08-24T10:02:19Z" finished-at="2021-08-24T10:02:20Z">
      <class name="Script.Run">
        <test-method status="PASS" signature="setUpClass()[pri:0, instance:Script.Run@31a5c39e]" name="setUpClass" is-config="true" duration-ms="512" started-at="2021-08-24T15:32:19Z" finished-at="2021-08-24T15:32:20Z">
          <reporter-output>
          </reporter-output>
        </test-method> <!-- setUpClass -->
        <test-method status="PASS" signature="tearDownClass()[pri:0, instance:Script.Run@31a5c39e]" name="tearDownClass" is-config="true" duration-ms="21" started-at="2021-08-24T15:32:20Z" finished-at="2021-08-24T15:32:20Z">
          <reporter-output>
          </reporter-output>
        </test-method> <!-- tearDownClass -->
      </class> <!-- Script.Run -->
    </test> <!-- Default test -->
  </suite> <!-- Default suite -->
</testng-results>
